<?xml version="1.0" encoding="UTF-8"?>
<!-- Generated by org.testng.reporters.JUnitReportReporter -->
<testsuite skipped="0" hostname="DESKTOP-7NL2ORJ" name="qaclickacademy.SeleniumTest" tests="2" failures="0" timestamp="2022-03-31T20:45:58 IST" time="0.018" errors="0">
  <testcase name="selefirst" time="0.017" classname="qaclickacademy.SeleniumTest"/>
  <system-out/>
  <testcase name="selesecond" time="0.001" classname="qaclickacademy.SeleniumTest"/>
  <system-out/>
</testsuite> <!-- qaclickacademy.SeleniumTest -->
