<?xml version="1.0" encoding="UTF-8"?>
<!-- Generated by org.testng.reporters.JUnitReportReporter -->
<testsuite skipped="0" hostname="DESKTOP-7NL2ORJ" name="qaclickacademy.ApiTest" tests="2" failures="0" timestamp="2022-03-31T20:45:58 IST" time="0.002" errors="0">
  <testcase name="apifirst" time="0.001" classname="qaclickacademy.ApiTest"/>
  <system-out/>
  <testcase name="apisecon" time="0.001" classname="qaclickacademy.ApiTest"/>
  <system-out/>
</testsuite> <!-- qaclickacademy.ApiTest -->
