<?xml version="1.0" encoding="UTF-8"?>
<!-- Generated by org.testng.reporters.JUnitReportReporter -->
<testsuite skipped="0" hostname="DESKTOP-7NL2ORJ" name="qaclickacademy.AppiumTest" tests="2" failures="0" timestamp="2022-03-31T20:43:59 IST" time="0.002" errors="0">
  <testcase name="appifirst" time="0.001" classname="qaclickacademy.AppiumTest"/>
  <system-out/>
  <testcase name="appisecond" time="0.001" classname="qaclickacademy.AppiumTest"/>
  <system-out/>
</testsuite> <!-- qaclickacademy.AppiumTest -->
